# JRE version: OpenJDK Runtime Environment Temurin-25.0.1+8 (25.0.1+8) (build 25.0.1+8-LTS)
# Java VM: OpenJDK 64-Bit Server VM Temurin-25.0.1+8 (25.0.1+8-LTS, mixed mode, tiered, compressed oops, compressed class ptrs, g1 gc, windows-amd64)
GC Precious Log:
 CardTable entry size: 512
 Card Set container configuration: InlinePtr #cards 4 size 8 Array Of Cards #cards 16 size 48 Howl #buckets 8 coarsen threshold 3686 Howl Bitmap #cards 512 size 80 coarsen threshold 460 Card regions per heap region 1 cards per card region 4096
 CPUs: 12 total, 12 available
 Memory: 11995M
 Large Page Support: Disabled
 NUMA Support: Disabled
 Compressed Oops: Enabled (Zero based)
 Heap Region Size: 2M
 Heap Min Capacity: 8M
 Heap Initial Capacity: 188M
 Heap Max Capacity: 3000M
 Pre-touch: Disabled
 Parallel Workers: 10
 Concurrent Workers: 3
 Concurrent Refinement Workers: 10
 Periodic GC: Disabled
Heap:
 garbage-first heap   total reserved 3072000K, committed 124928K, used 62209K [0x0000000744800000, 0x0000000800000000)
  region size 2048K, 14 young (28672K), 1 survivors (2048K)
GC Heap Usage History (16 events):
Event: 1.265 {heap Before GC invocations=0 (full 0):
 garbage-first heap   total reserved 3072000K, committed 192512K, used 79872K [0x0000000744800000, 0x0000000800000000)
  region size 2048K, 24 young (49152K), 0 survivors (0K)
}
Event: 1.272 {heap After GC invocations=1 (full 0):
 garbage-first heap   total reserved 3072000K, committed 192512K, used 26505K [0x0000000744800000, 0x0000000800000000)
  region size 2048K, 3 young (6144K), 3 survivors (6144K)
}
Event: 1.725 {heap Before GC invocations=1 (full 0):
 garbage-first heap   total reserved 3072000K, committed 192512K, used 57225K [0x0000000744800000, 0x0000000800000000)
  region size 2048K, 19 young (38912K), 3 survivors (6144K)
}
Event: 1.730 {heap After GC invocations=2 (full 0):
 garbage-first heap   total reserved 3072000K, committed 192512K, used 29180K [0x0000000744800000, 0x0000000800000000)
  region size 2048K, 2 young (4096K), 2 survivors (4096K)
}
Event: 488.943 {heap Before GC invocations=3 (full 0):
 garbage-first heap   total reserved 3072000K, committed 110592K, used 107004K [0x0000000744800000, 0x0000000800000000)
  region size 2048K, 39 young (79872K), 2 survivors (4096K)
}
Event: 489.038 {heap After GC invocations=4 (full 0):
 garbage-first heap   total reserved 3072000K, committed 118784K, used 37110K [0x0000000744800000, 0x0000000800000000)
  region size 2048K, 4 young (8192K), 4 survivors (8192K)
}
Event: 1101.315 {heap Before GC invocations=4 (full 0):
 garbage-first heap   total reserved 3072000K, committed 118784K, used 92406K [0x0000000744800000, 0x0000000800000000)
  region size 2048K, 21 young (43008K), 4 survivors (8192K)
}
Event: 1101.371 {heap After GC invocations=5 (full 0):
 garbage-first heap   total reserved 3072000K, committed 118784K, used 55354K [0x0000000744800000, 0x0000000800000000)
  region size 2048K, 1 young (2048K), 1 survivors (2048K)
}
Event: 1108.942 {heap Before GC invocations=6 (full 0):
 garbage-first heap   total reserved 3072000K, committed 118784K, used 116794K [0x0000000744800000, 0x0000000800000000)
  region size 2048K, 8 young (16384K), 1 survivors (2048K)
}
Event: 1108.945 {heap After GC invocations=7 (full 0):
 garbage-first heap   total reserved 3072000K, committed 120832K, used 39887K [0x0000000744800000, 0x0000000800000000)
  region size 2048K, 1 young (2048K), 1 survivors (2048K)
}
Event: 1583.673 {heap Before GC invocations=7 (full 0):
 garbage-first heap   total reserved 3072000K, committed 120832K, used 115663K [0x0000000744800000, 0x0000000800000000)
  region size 2048K, 18 young (36864K), 1 survivors (2048K)
}
Event: 1583.693 {heap After GC invocations=8 (full 0):
 garbage-first heap   total reserved 3072000K, committed 124928K, used 37667K [0x0000000744800000, 0x0000000800000000)
  region size 2048K, 1 young (2048K), 1 survivors (2048K)
}
Event: 3014.569 {heap Before GC invocations=8 (full 0):
 garbage-first heap   total reserved 3072000K, committed 124928K, used 101155K [0x0000000744800000, 0x0000000800000000)
  region size 2048K, 32 young (65536K), 1 survivors (2048K)
}
Event: 3014.621 {heap After GC invocations=9 (full 0):
 garbage-first heap   total reserved 3072000K, committed 124928K, used 37613K [0x0000000744800000, 0x0000000800000000)
  region size 2048K, 1 young (2048K), 1 survivors (2048K)
}
Event: 4548.989 {heap Before GC invocations=9 (full 0):
 garbage-first heap   total reserved 3072000K, committed 124928K, used 105197K [0x0000000744800000, 0x0000000800000000)
  region size 2048K, 34 young (69632K), 1 survivors (2048K)
}
Event: 4549.022 {heap After GC invocations=10 (full 0):
 garbage-first heap   total reserved 3072000K, committed 124928K, used 37633K [0x0000000744800000, 0x0000000800000000)
  region size 2048K, 1 young (2048K), 1 survivors (2048K)
}

