# JRE version: OpenJDK Runtime Environment Temurin-25.0.1+8 (25.0.1+8) (build 25.0.1+8-LTS)
# Java VM: OpenJDK 64-Bit Server VM Temurin-25.0.1+8 (25.0.1+8-LTS, mixed mode, tiered, compressed oops, compressed class ptrs, g1 gc, windows-amd64)
GC Precious Log:
 CardTable entry size: 512
 Card Set container configuration: InlinePtr #cards 4 size 8 Array Of Cards #cards 16 size 48 Howl #buckets 8 coarsen threshold 3686 Howl Bitmap #cards 512 size 80 coarsen threshold 460 Card regions per heap region 1 cards per card region 4096
 CPUs: 12 total, 12 available
 Memory: 11995M
 Large Page Support: Disabled
 NUMA Support: Disabled
 Compressed Oops: Enabled (Zero based)
 Heap Region Size: 2M
 Heap Min Capacity: 8M
 Heap Initial Capacity: 188M
 Heap Max Capacity: 3000M
 Pre-touch: Disabled
 Parallel Workers: 10
 Concurrent Workers: 3
 Concurrent Refinement Workers: 10
 Periodic GC: Disabled
Heap:
 garbage-first heap   total reserved 3072000K, committed 110592K, used 35665K [0x0000000744800000, 0x0000000800000000)
  region size 2048K, 2 young (4096K), 1 survivors (2048K)
GC Heap Usage History (10 events):
Event: 1.174 {heap Before GC invocations=0 (full 0):
 garbage-first heap   total reserved 3072000K, committed 192512K, used 79872K [0x0000000744800000, 0x0000000800000000)
  region size 2048K, 24 young (49152K), 0 survivors (0K)
}
Event: 1.180 {heap After GC invocations=1 (full 0):
 garbage-first heap   total reserved 3072000K, committed 192512K, used 26735K [0x0000000744800000, 0x0000000800000000)
  region size 2048K, 3 young (6144K), 3 survivors (6144K)
}
Event: 1.586 {heap Before GC invocations=1 (full 0):
 garbage-first heap   total reserved 3072000K, committed 192512K, used 57455K [0x0000000744800000, 0x0000000800000000)
  region size 2048K, 19 young (38912K), 3 survivors (6144K)
}
Event: 1.592 {heap After GC invocations=2 (full 0):
 garbage-first heap   total reserved 3072000K, committed 192512K, used 28527K [0x0000000744800000, 0x0000000800000000)
  region size 2048K, 2 young (4096K), 2 survivors (4096K)
}
Event: 688.676 {heap Before GC invocations=3 (full 0):
 garbage-first heap   total reserved 3072000K, committed 102400K, used 100207K [0x0000000744800000, 0x0000000800000000)
  region size 2048K, 36 young (73728K), 2 survivors (4096K)
}
Event: 688.770 {heap After GC invocations=4 (full 0):
 garbage-first heap   total reserved 3072000K, committed 110592K, used 35975K [0x0000000744800000, 0x0000000800000000)
  region size 2048K, 4 young (8192K), 4 survivors (8192K)
}
Event: 1610.533 {heap Before GC invocations=4 (full 0):
 garbage-first heap   total reserved 3072000K, committed 110592K, used 81031K [0x0000000744800000, 0x0000000800000000)
  region size 2048K, 26 young (53248K), 4 survivors (8192K)
}
Event: 1610.596 {heap After GC invocations=5 (full 0):
 garbage-first heap   total reserved 3072000K, committed 110592K, used 36389K [0x0000000744800000, 0x0000000800000000)
  region size 2048K, 1 young (2048K), 1 survivors (2048K)
}
Event: 2617.402 {heap Before GC invocations=5 (full 0):
 garbage-first heap   total reserved 3072000K, committed 110592K, used 83493K [0x0000000744800000, 0x0000000800000000)
  region size 2048K, 24 young (49152K), 1 survivors (2048K)
}
Event: 2617.429 {heap After GC invocations=6 (full 0):
 garbage-first heap   total reserved 3072000K, committed 110592K, used 35665K [0x0000000744800000, 0x0000000800000000)
  region size 2048K, 1 young (2048K), 1 survivors (2048K)
}

